CubeQuiz/app/build/intermediates/manifest_merge_blame_file/debug/manifest-merger-blame-debug-report.txt
1<?xml version="1.0" encoding="utf-8"?>
2<manifest xmlns:android="http://schemas.android.com/apk/res/android"
3    package="com.example.cubequiz"
4    android:versionCode="1"
5    android:versionName="1.0" >
6
7    <uses-sdk
8        android:minSdkVersion="24"
8-->src\main\AndroidManifest.xml
9        android:targetSdkVersion="30" />
9-->src\main\AndroidManifest.xml
10
11    <!-- Although the *SdkVersion is captured in gradle build files, this is required for non gradle builds -->
12    <!-- <uses-sdk android:minSdkVersion="14"/> -->
13    <uses-permission android:name="android.permission.ACCESS_NETWORK_STATE" />
13-->[com.google.firebase:firebase-database:19.3.0] AndroidManifest.xml:25:5-79
13-->[com.google.firebase:firebase-database:19.3.0] AndroidManifest.xml:25:22-76
14    <uses-permission android:name="android.permission.INTERNET" />
14-->[com.google.firebase:firebase-database:19.3.0] AndroidManifest.xml:26:5-67
14-->[com.google.firebase:firebase-database:19.3.0] AndroidManifest.xml:26:22-64
15
16    <application
16-->src\main\AndroidManifest.xml:5:5-35:19
17        android:allowBackup="true"
17-->src\main\AndroidManifest.xml:6:9-35
18        android:appComponentFactory="androidx.core.app.CoreComponentFactory"
18-->[androidx.core:core:1.3.1] AndroidManifest.xml:24:18-86
19        android:debuggable="true"
20        android:extractNativeLibs="false"
21        android:icon="@mipmap/ic_launcher"
21-->src\main\AndroidManifest.xml:7:9-43
22        android:label="@string/app_name"
22-->src\main\AndroidManifest.xml:8:9-41
23        android:roundIcon="@mipmap/ic_launcher_round"
23-->src\main\AndroidManifest.xml:9:9-54
24        android:supportsRtl="true"
24-->src\main\AndroidManifest.xml:10:9-35
25        android:testOnly="true"
26        android:theme="@style/Theme.CubeQuiz" >
26-->src\main\AndroidManifest.xml:11:9-46
27        <activity android:name="com.example.cubequiz.questions.PontosFinal" />
27-->src\main\AndroidManifest.xml:12:9-58
27-->src\main\AndroidManifest.xml:12:19-56
28        <activity android:name="com.example.cubequiz.questions.Questao10" />
28-->src\main\AndroidManifest.xml:13:9-57
28-->src\main\AndroidManifest.xml:13:19-54
29        <activity android:name="com.example.cubequiz.questions.Questao9" />
29-->src\main\AndroidManifest.xml:14:9-56
29-->src\main\AndroidManifest.xml:14:19-53
30        <activity android:name="com.example.cubequiz.questions.Questao8" />
30-->src\main\AndroidManifest.xml:15:9-56
30-->src\main\AndroidManifest.xml:15:19-53
31        <activity android:name="com.example.cubequiz.questions.Questao7" />
31-->src\main\AndroidManifest.xml:16:9-56
31-->src\main\AndroidManifest.xml:16:19-53
32        <activity android:name="com.example.cubequiz.questions.Questao6" />
32-->src\main\AndroidManifest.xml:17:9-56
32-->src\main\AndroidManifest.xml:17:19-53
33        <activity android:name="com.example.cubequiz.questions.Questao5" />
33-->src\main\AndroidManifest.xml:18:9-56
33-->src\main\AndroidManifest.xml:18:19-53
34        <activity android:name="com.example.cubequiz.questions.Questao4" />
34-->src\main\AndroidManifest.xml:19:9-56
34-->src\main\AndroidManifest.xml:19:19-53
35        <activity android:name="com.example.cubequiz.questions.Questao3" />
35-->src\main\AndroidManifest.xml:20:9-56
35-->src\main\AndroidManifest.xml:20:19-53
36        <activity android:name="com.example.cubequiz.questions.Questao2" />
36-->src\main\AndroidManifest.xml:21:9-56
36-->src\main\AndroidManifest.xml:21:19-53
37        <activity android:name="com.example.cubequiz.questions.Questao1" />
37-->src\main\AndroidManifest.xml:22:9-56
37-->src\main\AndroidManifest.xml:22:19-53
38        <activity android:name="com.example.cubequiz.activity.TelaJogar" />
38-->src\main\AndroidManifest.xml:23:9-56
38-->src\main\AndroidManifest.xml:23:19-53
39        <activity android:name="com.example.cubequiz.activity.Desenvolvedores" />
39-->src\main\AndroidManifest.xml:24:9-62
39-->src\main\AndroidManifest.xml:24:19-59
40        <activity android:name="com.example.cubequiz.activity.Cadastro" />
40-->src\main\AndroidManifest.xml:25:9-55
40-->src\main\AndroidManifest.xml:25:19-52
41        <activity android:name="com.example.cubequiz.activity.Login" />
41-->src\main\AndroidManifest.xml:26:9-52
41-->src\main\AndroidManifest.xml:26:19-49
42        <activity android:name="com.example.cubequiz.activity.MainActivity" />
42-->src\main\AndroidManifest.xml:27:9-69
42-->src\main\AndroidManifest.xml:27:19-56
43        <activity android:name="com.example.cubequiz.loading.Loading" >
43-->src\main\AndroidManifest.xml:28:9-34:20
43-->src\main\AndroidManifest.xml:28:19-50
44            <intent-filter>
44-->src\main\AndroidManifest.xml:29:13-33:29
45                <action android:name="android.intent.action.MAIN" />
45-->src\main\AndroidManifest.xml:30:17-69
45-->src\main\AndroidManifest.xml:30:25-66
46
47                <category android:name="android.intent.category.LAUNCHER" />
47-->src\main\AndroidManifest.xml:32:17-77
47-->src\main\AndroidManifest.xml:32:27-74
48            </intent-filter>
49        </activity>
50        <activity
50-->[com.google.firebase:firebase-auth:19.3.1] AndroidManifest.xml:24:9-31:50
51            android:name="com.google.firebase.auth.internal.FederatedSignInActivity"
51-->[com.google.firebase:firebase-auth:19.3.1] AndroidManifest.xml:25:13-85
52            android:excludeFromRecents="true"
52-->[com.google.firebase:firebase-auth:19.3.1] AndroidManifest.xml:26:13-46
53            android:exported="true"
53-->[com.google.firebase:firebase-auth:19.3.1] AndroidManifest.xml:27:13-36
54            android:launchMode="singleTask"
54-->[com.google.firebase:firebase-auth:19.3.1] AndroidManifest.xml:28:13-44
55            android:permission="com.google.firebase.auth.api.gms.permission.LAUNCH_FEDERATED_SIGN_IN"
55-->[com.google.firebase:firebase-auth:19.3.1] AndroidManifest.xml:29:13-102
56            android:theme="@android:style/Theme.Translucent.NoTitleBar" />
56-->[com.google.firebase:firebase-auth:19.3.1] AndroidManifest.xml:30:13-72
57
58        <service
58-->[com.google.firebase:firebase-auth:19.3.1] AndroidManifest.xml:33:9-39:19
59            android:name="com.google.firebase.components.ComponentDiscoveryService"
59-->[com.google.firebase:firebase-auth:19.3.1] AndroidManifest.xml:34:13-84
60            android:directBootAware="true"
60-->[com.google.firebase:firebase-common:19.3.0] AndroidManifest.xml:34:13-43
61            android:exported="false" >
61-->[com.google.firebase:firebase-auth:19.3.1] AndroidManifest.xml:35:13-37
62            <meta-data
62-->[com.google.firebase:firebase-auth:19.3.1] AndroidManifest.xml:36:13-38:85
63                android:name="com.google.firebase.components:com.google.firebase.auth.FirebaseAuthRegistrar"
63-->[com.google.firebase:firebase-auth:19.3.1] AndroidManifest.xml:37:17-109
64                android:value="com.google.firebase.components.ComponentRegistrar" />
64-->[com.google.firebase:firebase-auth:19.3.1] AndroidManifest.xml:38:17-82
65            <meta-data
65-->[com.google.firebase:firebase-database:19.3.0] AndroidManifest.xml:32:13-34:85
66                android:name="com.google.firebase.components:com.google.firebase.database.DatabaseRegistrar"
66-->[com.google.firebase:firebase-database:19.3.0] AndroidManifest.xml:33:17-109
67                android:value="com.google.firebase.components.ComponentRegistrar" />
67-->[com.google.firebase:firebase-database:19.3.0] AndroidManifest.xml:34:17-82
68        </service>
69
70        <activity
70-->[com.google.android.gms:play-services-base:17.1.0] AndroidManifest.xml:23:9-26:75
71            android:name="com.google.android.gms.common.api.GoogleApiActivity"
71-->[com.google.android.gms:play-services-base:17.1.0] AndroidManifest.xml:24:13-79
72            android:exported="false"
72-->[com.google.android.gms:play-services-base:17.1.0] AndroidManifest.xml:25:13-37
73            android:theme="@android:style/Theme.Translucent.NoTitleBar" />
73-->[com.google.android.gms:play-services-base:17.1.0] AndroidManifest.xml:26:13-72
74
75        <provider
75-->[com.google.firebase:firebase-common:19.3.0] AndroidManifest.xml:26:9-30:39
76            android:name="com.google.firebase.provider.FirebaseInitProvider"
76-->[com.google.firebase:firebase-common:19.3.0] AndroidManifest.xml:27:13-77
77            android:authorities="com.example.cubequiz.firebaseinitprovider"
77-->[com.google.firebase:firebase-common:19.3.0] AndroidManifest.xml:28:13-72
78            android:exported="false"
78-->[com.google.firebase:firebase-common:19.3.0] AndroidManifest.xml:29:13-37
79            android:initOrder="100" />
79-->[com.google.firebase:firebase-common:19.3.0] AndroidManifest.xml:30:13-36
80
81        <meta-data
81-->[com.google.android.gms:play-services-basement:17.0.0] AndroidManifest.xml:23:9-25:69
82            android:name="com.google.android.gms.version"
82-->[com.google.android.gms:play-services-basement:17.0.0] AndroidManifest.xml:24:13-58
83            android:value="@integer/google_play_services_version" />
83-->[com.google.android.gms:play-services-basement:17.0.0] AndroidManifest.xml:25:13-66
84    </application>
85
86</manifest>